{"C:\\Users\\glaub\\OneDrive\\Desktop\\Microverse - Full Time Course\\To-do-list-1\\src\\modules\\todoFunctions.js": {"path":"C:\\Users\\glaub\\OneDrive\\Desktop\\Microverse - Full Time Course\\To-do-list-1\\src\\modules\\todoFunctions.js","statementMap":{"0":{"start":{"line":2,"column":19},"end":{"line":2,"column":31}},"1":{"start":{"line":3,"column":18},"end":{"line":7,"column":3}},"2":{"start":{"line":8,"column":2},"end":{"line":8,"column":22}},"3":{"start":{"line":12,"column":2},"end":{"line":14,"column":5}},"4":{"start":{"line":13,"column":4},"end":{"line":13,"column":27}},"5":{"start":{"line":18,"column":2},"end":{"line":18,"column":25}},"6":{"start":{"line":19,"column":2},"end":{"line":19,"column":23}},"7":{"start":{"line":23,"column":2},"end":{"line":25,"column":3}},"8":{"start":{"line":24,"column":4},"end":{"line":24,"column":46}},"9":{"start":{"line":29,"column":2},"end":{"line":29,"column":55}},"10":{"start":{"line":33,"column":22},"end":{"line":33,"column":51}},"11":{"start":{"line":34,"column":2},"end":{"line":34,"column":52}}},"fnMap":{"0":{"name":"addTask","decl":{"start":{"line":1,"column":16},"end":{"line":1,"column":23}},"loc":{"start":{"line":1,"column":44},"end":{"line":9,"column":1}},"line":1},"1":{"name":"updateIndexes","decl":{"start":{"line":11,"column":9},"end":{"line":11,"column":22}},"loc":{"start":{"line":11,"column":30},"end":{"line":15,"column":1}},"line":11},"2":{"name":"(anonymous_2)","decl":{"start":{"line":12,"column":16},"end":{"line":12,"column":17}},"loc":{"start":{"line":12,"column":33},"end":{"line":14,"column":3}},"line":12},"3":{"name":"deleteTask","decl":{"start":{"line":17,"column":16},"end":{"line":17,"column":26}},"loc":{"start":{"line":17,"column":41},"end":{"line":20,"column":1}},"line":17},"4":{"name":"editTaskDescription","decl":{"start":{"line":22,"column":16},"end":{"line":22,"column":35}},"loc":{"start":{"line":22,"column":66},"end":{"line":26,"column":1}},"line":22},"5":{"name":"saveTasks","decl":{"start":{"line":28,"column":16},"end":{"line":28,"column":25}},"loc":{"start":{"line":28,"column":33},"end":{"line":30,"column":1}},"line":28},"6":{"name":"loadTasksFromLocalStorage","decl":{"start":{"line":32,"column":16},"end":{"line":32,"column":41}},"loc":{"start":{"line":32,"column":44},"end":{"line":35,"column":1}},"line":32}},"branchMap":{"0":{"loc":{"start":{"line":23,"column":2},"end":{"line":25,"column":3}},"type":"if","locations":[{"start":{"line":23,"column":2},"end":{"line":25,"column":3}},{"start":{},"end":{}}],"line":23},"1":{"loc":{"start":{"line":23,"column":6},"end":{"line":23,"column":40}},"type":"binary-expr","locations":[{"start":{"line":23,"column":6},"end":{"line":23,"column":16}},{"start":{"line":23,"column":20},"end":{"line":23,"column":40}}],"line":23},"2":{"loc":{"start":{"line":34,"column":9},"end":{"line":34,"column":51}},"type":"cond-expr","locations":[{"start":{"line":34,"column":23},"end":{"line":34,"column":46}},{"start":{"line":34,"column":49},"end":{"line":34,"column":51}}],"line":34}},"s":{"0":4,"1":4,"2":4,"3":4,"4":5,"5":4,"6":4,"7":0,"8":0,"9":0,"10":0,"11":0},"f":{"0":4,"1":4,"2":5,"3":4,"4":0,"5":0,"6":0},"b":{"0":[0,0],"1":[0,0],"2":[0,0]},"_coverageSchema":"1a1c01bbd47fc00a2c39e90264f33305004495a9","hash":"57de879a716d968d95ba934320e722b301e98afe"}
}
