TN:
SF:src\modules\todoFunctions.js
FN:1,addTask
FN:11,updateIndexes
FN:12,(anonymous_2)
FN:17,deleteTask
FN:22,editTaskDescription
FN:28,saveTasks
FN:32,loadTasksFromLocalStorage
FNF:7
FNH:3
FNDA:4,addTask
FNDA:1,updateIndexes
FNDA:0,(anonymous_2)
FNDA:1,deleteTask
FNDA:0,editTaskDescription
FNDA:0,saveTasks
FNDA:0,loadTasksFromLocalStorage
DA:2,4
DA:3,4
DA:8,4
DA:12,1
DA:13,0
DA:18,1
DA:19,1
DA:23,0
DA:24,0
DA:29,0
DA:33,0
DA:34,0
LF:12
LH:6
BRDA:23,0,0,0
BRDA:23,0,1,0
BRDA:23,1,0,0
BRDA:23,1,1,0
BRDA:34,2,0,0
BRDA:34,2,1,0
BRF:6
BRH:0
end_of_record
